[2026-03-29 17:00:08] === INICIO SCRAPING ===
[2026-03-29 17:00:08] Nicho: GAMING
[2026-03-29 17:00:11]   + MrBeast Gaming en Español: ¡Guerra de 1000 VS 1000 jugadores! | 29,670,883 vistas
[2026-03-29 17:00:13]   + MrBeast Gaming en Español: ¡Me Cazaron 100 Jugadores en Minecraft! | 21,399,672 vistas
[2026-03-29 17:00:14]   + MrBeast Gaming en Español: Jugamos  GTA 5 Sin Romper Ninguna Ley | 41,598,688 vistas
[2026-03-29 17:00:17]   + Más Menos Trece: TWT #7 | WHISKY PARA LOS EMPLEADOS | THE WALK | 33,941 vistas
[2026-03-29 17:00:18]   + El Escoces gamer: PRIMERAS IMPRESIONES - Crimson Desert Gamepla | 21,995 vistas
[2026-03-29 17:00:19]   + Más Menos Trece: Nakwon #7 | EQUIPACIÓN MORADA | NAKWON: LAST  | 1,526 vistas
[2026-03-29 17:00:22]   + MAFIUS: Por esto NO te puedes FIAR de la CRÍTICA en V | 295,050 vistas
[2026-03-29 17:00:24]   + ReviewMe Oficial: TOP 10 JUEGOS que VALE LA PENA COMPRAR! ✅ | 23,599 vistas
[2026-03-29 17:00:25]   + alexelcapo: Te recomiendo 100 videojuegos | 658,733 vistas
[2026-03-29 17:00:28]   + LoL Esports Latinoamérica: CBLOL x LOL ESPORTS LATAM | 13,988 vistas
[2026-03-29 17:00:30]   + LoL Esports Latinoamérica: CBLOL x LOL ESPORTS LATAM | 7,925 vistas
[2026-03-29 17:00:31]   + VALORANT Esports LA: SHI vs MKG | VALORANT Challengers LATAM Sur | | 2,292 vistas
[2026-03-29 17:00:31] Nicho: MODA
[2026-03-29 17:00:33]   + vatz: Tiktok ARRUINÓ la MODA:  Las Microtendencias  | 558,015 vistas
[2026-03-29 17:00:35]   + Chiara Demicheli: Asi es estudiar MODA en ARGENTINA 🇦🇷 | 1,943 vistas
[2026-03-29 17:00:36]   + Nacho Trotta: pov: lo que no te muestran de hacer ropa en A | 3,408 vistas
[2026-03-29 17:00:39]   + July Latorre: 10 LOOKS QUE REJUVENECEN Y QUITAN AÑOS | 440,038 vistas
[2026-03-29 17:00:40]   + azumy teens: como vestir mejor | 241,964 vistas
[2026-03-29 17:00:42]   + Misaglez Lifestyle: Cómo Vestir BIEN Con Poco Dinero | GUÍA DEFIN | 676,548 vistas
[2026-03-29 17:00:47]   + Vogue México y Latinoamérica: En el bolso de María Bottle  | En el bolso |  | 410,432 vistas
[2026-03-29 17:00:49]   + Melanie Diaz: OUTFITS PARA ESCAPAR DE LATAM [HAUL] | 678 vistas
[2026-03-29 17:00:52]   + Bstyle: HAUL ROPA VERANO (ZAFUL) | Bstyle | 14,446 vistas
[2026-03-29 17:00:52] Nicho: FITNESS
[2026-03-29 17:00:56]   + BlueGym Animation: Cómo crear tu rutina | 272,526 vistas
[2026-03-29 17:00:57]   + Jeremy Ethier en Español: La rutina PERFECTA de cuerpo completo (hazla  | 113,622 vistas
[2026-03-29 17:00:59]   + Andres Vazquez Personal Trainer: La Rutina PERFECTA de 5 Días para Ganar Múscu | 224,200 vistas
[2026-03-29 17:01:03]   + Chuy Almada: Rutina de ejercicio para PRINCIPIANTES En Cas | 6,428,493 vistas
[2026-03-29 17:01:06]   + Santi Graziano: la única rutina que necesitas para ganar músc | 2,967,395 vistas
[2026-03-29 17:01:08]   + Fausto Murillo: GAP TOTAL: Tonifica Glúteos, Abdomen y Pierna | 54,186,350 vistas
[2026-03-29 17:01:12]   + SabiduriaCast con Franchu Pardo : Francis Holway: ULTIMA Guía de Nutrición y la | 135,420 vistas
[2026-03-29 17:01:14]   + Future You: F-Talks #08 | Francis Holway: Nutrición depor | 89,732 vistas
[2026-03-29 17:01:16]   + Juan Martin Nutrición : Culturismo natural, proteína y nutrición: lo  | 65,249 vistas
[2026-03-29 17:01:16] Nicho: TECNOLOGIA
[2026-03-29 17:01:21]   + TecnoTV: LOS 5 MEJORES TELEFONOS GAMA ALTA DEL 2025 | 290,225 vistas
[2026-03-29 17:01:23]   + JotaNova: Estos son los REYES de la calidad-precio en 2 | 26,147 vistas
[2026-03-29 17:01:25]   + Isa Marcial: MEJORES CELULARES para comprar en gama ALTA 2 | 126,687 vistas
[2026-03-29 17:01:30]   + Veritasium en español: El Futuro de las Computadoras Será Radicalmen | 2,228,576 vistas
[2026-03-29 17:01:32]   + Tu escuela de español: Aprender español: Internet y nuevas tecnologí | 146,264 vistas
[2026-03-29 17:01:34]   + Ezequiel Tech: 51 Inventos que no Sabías que Existían y es | 759,455 vistas
[2026-03-29 17:01:38]   + Rincón Tecnológico: HONOR PLAY 10│ UNBOXING versión LATINOAMERICA | 22,096 vistas
[2026-03-29 17:01:40]   + True Tech: Unboxing iPhone 14 FUNCIONARÁ EN LATAM?│True  | 88 vistas
[2026-03-29 17:01:42]   + Unboxing Latam: Unboxing New Powerbeats PRO UNBOXING 2020 LAT | 279 vistas
[2026-03-29 17:01:42] Nuevos registros guardados: 39
[2026-03-29 17:01:42] === FIN SCRAPING ===

[2026-03-29 17:01:42] === GENERANDO DASHBOARD ===
[2026-03-29 17:03:01] === INICIO SCRAPING ===
[2026-03-29 17:03:32] === INICIO SCRAPING ===
[2026-03-29 17:03:32] Nicho: GAMING
[2026-03-29 17:03:35]   + MrBeast Gaming en Español: ¡Guerra de 1000 VS 1000 jugadores! | 29,670,883 vistas
[2026-03-29 17:03:36]   + MrBeast Gaming en Español: ¡Me Cazaron 100 Jugadores en Minecraft! | 21,399,672 vistas
[2026-03-29 17:03:38]   + MrBeast Gaming en Español: Jugamos  GTA 5 Sin Romper Ninguna Ley | 41,598,692 vistas
[2026-03-29 17:03:41]   + Más Menos Trece: Nakwon #7 | EQUIPACIÓN MORADA | NAKWON: LAST  | 1,562 vistas
[2026-03-29 17:03:43]   + Artzaplay: THE INFECTED Dia 1, En la  mejor UBICACION de | 2,720 vistas
[2026-03-29 17:03:45]   + Menos Trece: FARMEA, AUTOMATIZA y LLEGA AL FARO | NIGHTWAT | 20,465 vistas
[2026-03-29 17:03:50]   + MAFIUS: Por esto NO te puedes FIAR de la CRÍTICA en V | 295,070 vistas
[2026-03-29 17:03:52]   + ReviewMe Oficial: TOP 10 JUEGOS que VALE LA PENA COMPRAR! ✅ | 23,599 vistas
[2026-03-29 17:03:54]   + alexelcapo: Te recomiendo 100 videojuegos | 658,734 vistas
[2026-03-29 17:03:58]   + LoL Esports Latinoamérica: CBLOL x LOL ESPORTS LATAM | 13,990 vistas
[2026-03-29 17:04:00]   + LoL Esports Latinoamérica: CBLOL x LOL ESPORTS LATAM | 7,989 vistas
[2026-03-29 17:04:01]   + VALORANT Esports LA: SHI vs MKG | VALORANT Challengers LATAM Sur | | 2,414 vistas
[2026-03-29 17:04:01] Nicho: MODA
[2026-03-29 17:04:05]   + vatz: Tiktok ARRUINÓ la MODA:  Las Microtendencias  | 558,016 vistas
[2026-03-29 17:04:07]   + Chiara Demicheli: Asi es estudiar MODA en ARGENTINA 🇦🇷 | 1,943 vistas
[2026-03-29 17:04:09]   Error en https://www.youtube.com/watch?v=rPjIX5Bzoz4: [0;31mERROR:[0m [youtube] rPjIX5Bzoz4: This video is not available
[2026-03-29 17:04:13]   + July Latorre: 10 LOOKS QUE REJUVENECEN Y QUITAN AÑOS | 440,042 vistas
[2026-03-29 17:04:15]   + azumy teens: como vestir mejor | 241,964 vistas
[2026-03-29 17:04:17]   + Misaglez Lifestyle: Cómo Vestir BIEN Con Poco Dinero | GUÍA DEFIN | 676,548 vistas
[2026-03-29 17:04:20]   + Vogue México y Latinoamérica: En el bolso de María Bottle  | En el bolso |  | 410,432 vistas
[2026-03-29 17:04:22]   + Melanie Diaz: OUTFITS PARA ESCAPAR DE LATAM [HAUL] | 678 vistas
[2026-03-29 17:04:24]   + Bstyle: HAUL ROPA VERANO (ZAFUL) | Bstyle | 14,446 vistas
[2026-03-29 17:04:24] Nicho: FITNESS
[2026-03-29 17:04:27]   + BlueGym Animation: Cómo crear tu rutina | 272,526 vistas
[2026-03-29 17:04:30]   + Jeremy Ethier en Español: La rutina PERFECTA de cuerpo completo (hazla  | 113,622 vistas
[2026-03-29 17:04:31]   + Andres Vazquez Personal Trainer: La Rutina PERFECTA de 5 Días para Ganar Múscu | 224,200 vistas
[2026-03-29 17:04:35]   + Chuy Almada: Rutina de ejercicio para PRINCIPIANTES En Cas | 6,428,500 vistas
[2026-03-29 17:04:37]   + Santi Graziano: la única rutina que necesitas para ganar músc | 2,967,397 vistas
[2026-03-29 17:04:39]   + Fausto Murillo: GAP TOTAL: Tonifica Glúteos, Abdomen y Pierna | 54,186,358 vistas
[2026-03-29 17:04:43]   + Future You: F-Talks #08 | Francis Holway: Nutrición depor | 89,732 vistas
[2026-03-29 17:04:45]   + SabiduriaCast con Franchu Pardo : Francis Holway: ULTIMA Guía de Nutrición y la | 135,429 vistas
[2026-03-29 17:04:47]   + Juan Martin Nutrición : Culturismo natural, proteína y nutrición: lo  | 65,249 vistas
[2026-03-29 17:04:47] Nicho: TECNOLOGIA
[2026-03-29 17:04:51]   + TecnoTV: LOS 5 MEJORES TELEFONOS GAMA ALTA DEL 2025 | 290,225 vistas
[2026-03-29 17:04:53]   + JotaNova: Estos son los REYES de la calidad-precio en 2 | 26,146 vistas
[2026-03-29 17:04:55]   + Isa Marcial: MEJORES CELULARES para comprar en gama ALTA 2 | 126,687 vistas
[2026-03-29 17:04:57]   + Tecnología Español: Top 17 Tendencias Tecnológicas Que Definirán  | 20,787 vistas
[2026-03-29 17:05:00]   + Veritasium en español: El Futuro de las Computadoras Será Radicalmen | 2,228,575 vistas
[2026-03-29 17:05:02]   + Ezequiel Tech: 51 Inventos que no Sabías que Existían y es | 759,455 vistas
[2026-03-29 17:05:06]   + Rincón Tecnológico: HONOR PLAY 10│ UNBOXING versión LATINOAMERICA | 22,096 vistas
[2026-03-29 17:05:08]   + True Tech: Unboxing iPhone 14 FUNCIONARÁ EN LATAM?│True  | 88 vistas
[2026-03-29 17:05:10]   + Unboxing Latam: Unboxing New Powerbeats PRO UNBOXING 2020 LAT | 279 vistas
[2026-03-29 17:05:10] Nuevos registros guardados: 38
[2026-03-29 17:05:10] === FIN SCRAPING ===

[2026-03-29 17:05:10] === GENERANDO DASHBOARD ===
[2026-03-29 17:05:12] Dashboard generado: dashboard.html
[2026-03-29 17:05:12] === FIN DASHBOARD ===

[2026-03-29 17:21:43] SCHEDULER: Scheduler iniciado. PID: 24264
[2026-03-29 17:21:43] SCHEDULER: Ciclo cada 60 minutos.
[2026-03-29 17:21:43] SCHEDULER: === CICLO 1 INICIADO ===
[2026-03-29 17:21:44] === INICIO SCRAPING ===
[2026-03-29 17:21:44] Nicho: GAMING
[2026-03-29 17:21:48]   + Más Menos Trece: TWT #7 | WHISKY PARA LOS EMPLEADOS | THE WALK | 34,210 vistas
[2026-03-29 17:21:49]   + El Escoces gamer: PRIMERAS IMPRESIONES - Crimson Desert Gamepla | 22,022 vistas
[2026-03-29 17:21:52] Nicho: MODA
[2026-03-29 17:21:56]   + Nacho Trotta: pov: lo que no te muestran de hacer ropa en A | 3,408 vistas
[2026-03-29 17:21:59] Nicho: FITNESS
[2026-03-29 17:22:02]   + Jeff Nippard Español: La Rutina Exacta que Seguí para Mi Transforma | 294,637 vistas
[2026-03-29 17:22:05] Nicho: TECNOLOGIA
[2026-03-29 17:22:11]   + Tu escuela de español: Aprender español: Internet y nuevas tecnologí | 146,264 vistas
[2026-03-29 17:22:13] Nuevos registros guardados: 5
[2026-03-29 17:22:13] === FIN SCRAPING ===

[2026-03-29 17:22:13] === GENERANDO DASHBOARD ===
[2026-03-29 17:22:14] Dashboard generado: dashboard.html
[2026-03-29 17:22:14] === FIN DASHBOARD ===

[2026-03-29 17:22:14] SCHEDULER: Ciclo 1 completado OK.
[2026-03-29 17:22:14] SCHEDULER: Proxima ejecucion en 60 minutos.
[2026-03-29 18:22:14] SCHEDULER: === CICLO 2 INICIADO ===
[2026-03-29 18:22:16] === INICIO SCRAPING ===
[2026-03-29 18:22:16] Nicho: GAMING
[2026-03-29 18:22:22]   + DarkPlayer Gaming TV: LIFE IS STRANGE REUNION Juego Completo | Game | 10,163 vistas
[2026-03-29 18:22:26] Nicho: MODA
[2026-03-29 18:22:33] Nicho: FITNESS
[2026-03-29 18:22:39] Nicho: TECNOLOGIA
[2026-03-29 18:22:44] Nuevos registros guardados: 1
[2026-03-29 18:22:44] === FIN SCRAPING ===

[2026-03-29 18:22:44] === GENERANDO DASHBOARD ===
[2026-03-29 18:22:45] Dashboard generado: dashboard.html
[2026-03-29 18:22:45] === FIN DASHBOARD ===

[2026-03-29 18:22:45] SCHEDULER: Ciclo 2 completado OK.
[2026-03-29 18:22:45] SCHEDULER: Proxima ejecucion en 60 minutos.
